{
  "RSpec": {
    "coverage": {
      "/home/pleasant-tree-5cd4/tic-tac-toe-rb-ruby-intro-000/lib/tic_tac_toe.rb": [
        null,
        1,
        null,
        null,
        null,
        null,
        null,
        null,
        null,
        null,
        null,
        1,
        5,
        5,
        5,
        5,
        5,
        null,
        null,
        1,
        12,
        null,
        null,
        null,
        1,
        3,
        null,
        null,
        null,
        1,
        10,
        null,
        null,
        null,
        1,
        9,
        9,
        9,
        9,
        0,
        0,
        null,
        1,
        1,
        null,
        null,
        null,
        null,
        1,
        2,
        2,
        18,
        5,
        null,
        null,
        null,
        2,
        null,
        null,
        null,
        1,
        1,
        null,
        1,
        1,
        null,
        0,
        null,
        null,
        null,
        null,
        1,
        34,
        185,
        185,
        185,
        185,
        185,
        185,
        185,
        18,
        null,
        167,
        null,
        null,
        null,
        null,
        null,
        1,
        27,
        131,
        115,
        null,
        16,
        null,
        null,
        null,
        null,
        null,
        1,
        18,
        18,
        18,
        7,
        11,
        6,
        5,
        2,
        null,
        null,
        null,
        null,
        1,
        11,
        8,
        null,
        3,
        null,
        null,
        null,
        null,
        1,
        3,
        3,
        2,
        null,
        null,
        null,
        null,
        null,
        null,
        1,
        12,
        6,
        null,
        6,
        3,
        3,
        3,
        2,
        null,
        null
      ]
    },
    "timestamp": 1617208834
  }
}
